<?xml version="1.0" encoding="UTF-8" standalone="yes"?>
<ns2:test-suite start="1536057555063" stop="1536057603303" version="1.5.4" xmlns:ns2="urn:model.allure.qatools.yandex.ru">
    <name>Evening standard registration fields validation second form</name>
    <description type="text"></description>
    <test-cases>
        <test-case start="1536057555897" stop="1536057603302" status="failed">
            <name>I can select only countries at select country drop-down</name>
            <title>I can select only countries at select country drop-down</title>
            <description type="text"></description>
            <failure>
                <message>ElementNotFound: Element not found {By.id: form-registration-country}
Expected: visible</message>
                <stack-trace>Element not found {By.id: form-registration-country}
Expected: visible
Screenshot: file:/D:/KAPTUR/Projects/es-auto/build/reports/tests/1536057602772.0.png
Page source: file:/D:/KAPTUR/Projects/es-auto/build/reports/tests/1536057602772.0.html
Timeout: 12 s.
Caused by: NoSuchElementException: no such element: Unable to locate element: {"method":"id","selector":"form-registration-country"}&#13;
	at com.codeborne.selenide.impl.WebElementSource.createElementNotFoundError(WebElementSource.java:31)&#13;
	at com.codeborne.selenide.impl.ElementFinder.createElementNotFoundError(ElementFinder.java:82)&#13;
	at com.codeborne.selenide.impl.WebElementSource.checkCondition(WebElementSource.java:59)&#13;
	at com.codeborne.selenide.commands.Should.should(Should.java:35)&#13;
	at com.codeborne.selenide.commands.Should.execute(Should.java:29)&#13;
	at com.codeborne.selenide.commands.Should.execute(Should.java:12)&#13;
	at com.codeborne.selenide.commands.Commands.execute(Commands.java:144)&#13;
	at com.codeborne.selenide.impl.SelenideElementProxy.dispatchAndRetry(SelenideElementProxy.java:90)&#13;
	at com.codeborne.selenide.impl.SelenideElementProxy.invoke(SelenideElementProxy.java:65)&#13;
	at com.sun.proxy.$Proxy52.waitUntil(Unknown Source)&#13;
	at com.epam.esauto.steps.account_management.registration.RegistrationSteps.clickOnSelectCountryField(RegistrationSteps.java:224)&#13;
	at âœ½.When click on select country field(account_management/registration/registr_fields_validation_second_form.feature:29)&#13;
Caused by: org.openqa.selenium.NoSuchElementException: no such element: Unable to locate element: {"method":"id","selector":"form-registration-country"}
  (Session info: chrome=68.0.3440.106)
  (Driver info: chromedriver=2.41.578737 (49da6702b16031c40d63e5618de03a32ff6c197e),platform=Windows NT 10.0.16299 x86_64) (WARNING: The server did not provide any stacktrace information)
Command duration or timeout: 0 milliseconds
For documentation on this error, please visit: http://seleniumhq.org/exceptions/no_such_element.html
Build info: version: '3.13.0', revision: '2f0d292', time: '2018-06-25T15:24:21.231Z'
System info: host: 'EPBYMINW4455', ip: '192.168.44.1', os.name: 'Windows 10', os.arch: 'amd64', os.version: '10.0', java.version: '10.0.2'
Driver info: org.openqa.selenium.chrome.ChromeDriver
Capabilities {acceptInsecureCerts: false, acceptSslCerts: false, applicationCacheEnabled: false, browserConnectionEnabled: false, browserName: chrome, chrome: {chromedriverVersion: 2.41.578737 (49da6702b16031..., userDataDir: C:\Users\ARTSIO~1\AppData\L...}, cssSelectorsEnabled: true, databaseEnabled: false, goog:chromeOptions: {debuggerAddress: localhost:58031}, handlesAlerts: true, hasTouchScreen: false, javascriptEnabled: true, locationContextEnabled: true, mobileEmulationEnabled: false, nativeEvents: true, networkConnectionEnabled: false, pageLoadStrategy: normal, platform: XP, platformName: XP, rotatable: false, setWindowRect: true, takesHeapSnapshot: true, takesScreenshot: true, unexpectedAlertBehaviour: , unhandledPromptBehavior: , version: 68.0.3440.106, webStorageEnabled: true}
Session ID: 38de6b8e69451578e664fd3ded810a54
*** Element info: {Using=id, value=form-registration-country}&#13;
	at jdk.internal.reflect.GeneratedConstructorAccessor21.newInstance(Unknown Source)&#13;
	at java.base/jdk.internal.reflect.DelegatingConstructorAccessorImpl.newInstance(DelegatingConstructorAccessorImpl.java:45)&#13;
	at java.base/java.lang.reflect.Constructor.newInstance(Constructor.java:488)&#13;
	at org.openqa.selenium.remote.ErrorHandler.createThrowable(ErrorHandler.java:214)&#13;
	at org.openqa.selenium.remote.ErrorHandler.throwIfResponseFailed(ErrorHandler.java:166)&#13;
	at org.openqa.selenium.remote.http.JsonHttpResponseCodec.reconstructValue(JsonHttpResponseCodec.java:40)&#13;
	at org.openqa.selenium.remote.http.AbstractHttpResponseCodec.decode(AbstractHttpResponseCodec.java:80)&#13;
	at org.openqa.selenium.remote.http.AbstractHttpResponseCodec.decode(AbstractHttpResponseCodec.java:44)&#13;
	at org.openqa.selenium.remote.HttpCommandExecutor.execute(HttpCommandExecutor.java:158)&#13;
	at org.openqa.selenium.remote.service.DriverCommandExecutor.execute(DriverCommandExecutor.java:83)&#13;
	at org.openqa.selenium.remote.RemoteWebDriver.execute(RemoteWebDriver.java:548)&#13;
	at org.openqa.selenium.remote.RemoteWebDriver.findElement(RemoteWebDriver.java:322)&#13;
	at org.openqa.selenium.remote.RemoteWebDriver.findElementById(RemoteWebDriver.java:368)&#13;
	at org.openqa.selenium.By$ById.findElement(By.java:188)&#13;
	at org.openqa.selenium.remote.RemoteWebDriver.findElement(RemoteWebDriver.java:314)&#13;
	at com.codeborne.selenide.impl.WebElementSelector.findElement(WebElementSelector.java:29)&#13;
	at com.codeborne.selenide.impl.ElementFinder.getWebElement(ElementFinder.java:56)&#13;
	at com.codeborne.selenide.impl.WebElementSource.checkCondition(WebElementSource.java:44)&#13;
	at com.codeborne.selenide.commands.Should.should(Should.java:35)&#13;
	at com.codeborne.selenide.commands.Should.execute(Should.java:29)&#13;
	at com.codeborne.selenide.commands.Should.execute(Should.java:12)&#13;
	at com.codeborne.selenide.commands.Commands.execute(Commands.java:144)&#13;
	at com.codeborne.selenide.impl.SelenideElementProxy.dispatchAndRetry(SelenideElementProxy.java:90)&#13;
	at com.codeborne.selenide.impl.SelenideElementProxy.invoke(SelenideElementProxy.java:65)&#13;
	at com.sun.proxy.$Proxy52.waitUntil(Unknown Source)&#13;
	at com.epam.esauto.steps.account_management.registration.RegistrationSteps.clickOnSelectCountryField(RegistrationSteps.java:224)&#13;
	at java.base/jdk.internal.reflect.NativeMethodAccessorImpl.invoke0(Native Method)&#13;
	at java.base/jdk.internal.reflect.NativeMethodAccessorImpl.invoke(NativeMethodAccessorImpl.java:62)&#13;
	at java.base/jdk.internal.reflect.DelegatingMethodAccessorImpl.invoke(DelegatingMethodAccessorImpl.java:43)&#13;
	at java.base/java.lang.reflect.Method.invoke(Method.java:564)&#13;
	at cucumber.runtime.Utils$1.call(Utils.java:40)&#13;
	at cucumber.runtime.Timeout.timeout(Timeout.java:16)&#13;
	at cucumber.runtime.Utils.invoke(Utils.java:34)&#13;
	at cucumber.runtime.java.JavaStepDefinition.execute(JavaStepDefinition.java:38)&#13;
	at cucumber.runtime.StepDefinitionMatch.runStep(StepDefinitionMatch.java:37)&#13;
	at cucumber.runtime.Runtime.runStep(Runtime.java:300)&#13;
	at cucumber.runtime.model.StepContainer.runStep(StepContainer.java:44)&#13;
	at cucumber.runtime.model.StepContainer.runSteps(StepContainer.java:39)&#13;
	at cucumber.runtime.model.CucumberScenario.run(CucumberScenario.java:44)&#13;
	at cucumber.runtime.junit.ExecutionUnitRunner.run(ExecutionUnitRunner.java:102)&#13;
	at cucumber.runtime.junit.FeatureRunner.runChild(FeatureRunner.java:63)&#13;
	at cucumber.runtime.junit.FeatureRunner.runChild(FeatureRunner.java:18)&#13;
	at org.junit.runners.ParentRunner$3.run(ParentRunner.java:290)&#13;
	at org.junit.runners.ParentRunner$1.schedule(ParentRunner.java:71)&#13;
	at org.junit.runners.ParentRunner.runChildren(ParentRunner.java:288)&#13;
	at org.junit.runners.ParentRunner.access$000(ParentRunner.java:58)&#13;
	at org.junit.runners.ParentRunner$2.evaluate(ParentRunner.java:268)&#13;
	at org.junit.runners.ParentRunner.run(ParentRunner.java:363)&#13;
	at cucumber.runtime.junit.FeatureRunner.run(FeatureRunner.java:70)&#13;
	at cucumber.api.junit.Cucumber.runChild(Cucumber.java:95)&#13;
	at cucumber.api.junit.Cucumber.runChild(Cucumber.java:38)&#13;
	at org.junit.runners.ParentRunner$3.run(ParentRunner.java:290)&#13;
	at org.junit.runners.ParentRunner$1.schedule(ParentRunner.java:71)&#13;
	at org.junit.runners.ParentRunner.runChildren(ParentRunner.java:288)&#13;
	at org.junit.runners.ParentRunner.access$000(ParentRunner.java:58)&#13;
	at org.junit.runners.ParentRunner$2.evaluate(ParentRunner.java:268)&#13;
	at org.junit.runners.ParentRunner.run(ParentRunner.java:363)&#13;
	at cucumber.api.junit.Cucumber.run(Cucumber.java:100)&#13;
	at org.junit.runner.JUnitCore.run(JUnitCore.java:137)&#13;
	at com.intellij.junit4.JUnit4IdeaTestRunner.startRunnerWithArgs(JUnit4IdeaTestRunner.java:68)&#13;
	at com.intellij.rt.execution.junit.IdeaTestRunner$Repeater.startRunnerWithArgs(IdeaTestRunner.java:47)&#13;
	at com.intellij.rt.execution.junit.JUnitStarter.prepareStreamsAndStart(JUnitStarter.java:242)&#13;
	at com.intellij.rt.execution.junit.JUnitStarter.main(JUnitStarter.java:70)&#13;
</stack-trace>
            </failure>
            <steps>
                <step start="1536057555910" stop="1536057582995" status="passed">
                    <name>Given I open the main page</name>
                    <title>Given I open the main page</title>
                </step>
                <step start="1536057582997" stop="1536057585094" status="passed">
                    <name>Given I click register button</name>
                    <title>Given I click register button</title>
                </step>
                <step start="1536057585095" stop="1536057590672" status="passed">
                    <name>Then I fill registration form with "YANDEX_MAIL_USER" email, "John", "Smith"</name>
                    <title>Then I fill registration form with "YANDEX_MAIL_USER" email, "John", "Smith"</title>
                </step>
                <step start="1536057590676" stop="1536057603296" status="failed">
                    <name>When click on select country field</name>
                    <title>When click on select country field</title>
                </step>
                <step start="1536057603298" stop="1536057603300" status="canceled">
                    <name>Then drop-down contains only countries</name>
                    <title>Then drop-down contains only countries</title>
                </step>
            </steps>
            <attachments/>
            <labels>
                <label name="story" value="I can select only countries at select country drop-down"/>
                <label name="feature" value="Evening standard registration fields validation second form"/>
                <label name="host" value="EPBYMINW4455"/>
                <label name="thread" value="21064@EPBYMINW4455.main(1)"/>
                <label name="framework" value="CucumberJVM"/>
            </labels>
        </test-case>
    </test-cases>
    <labels>
        <label name="feature" value="Evening standard registration fields validation second form"/>
        <label name="language" value="JAVA"/>
    </labels>
</ns2:test-suite>
